2025-12-17 18:30:48,542 - INFO - === Sync ALL products started ===
2025-12-17 18:30:48,544 - INFO - Delta window | created_at: 12/14/2025 12:00:00 AM → 12/17/2025 09:30:48 PM | updated_at: 12/17/2025 08:44:30 PM → 12/17/2025 09:30:48 PM
2025-12-17 18:30:48,544 - INFO - Fetching Xorosoft CREATED items...
2025-12-17 18:30:51,377 - INFO - Fetching Xorosoft UPDATED items...
2025-12-17 18:30:52,754 - INFO - Total delta items to process: 80
2025-12-17 18:30:52,754 - INFO - Fetching Mintsoft products...
2025-12-17 18:30:52,763 - INFO - === Sync ALL products finished ===
2025-12-17 18:30:52,763 - INFO - Created=0 Updated=0 Skipped=80 Errors=0 MissingBarcode=0 Total=80
2025-12-17 18:32:46,543 - INFO - === Sync ALL products started ===
2025-12-17 18:32:46,544 - INFO - Delta window | created_at: 12/14/2025 12:00:00 AM → 12/17/2025 09:32:46 PM | updated_at: 12/14/2025 08:44:30 PM → 12/17/2025 09:32:46 PM
2025-12-17 18:32:46,544 - INFO - Fetching Xorosoft CREATED items...
2025-12-17 18:32:49,598 - INFO - Fetching Xorosoft UPDATED items...
2025-12-17 18:32:53,176 - INFO - Total delta items to process: 180
2025-12-17 18:32:53,176 - INFO - Fetching Mintsoft products...
2025-12-17 18:32:53,186 - INFO - [CREATE] SKU=HL24013-GLD-OS barcode=9360263159916
2025-12-17 18:32:54,211 - ERROR - [ERROR] SKU=HL24013-GLD-OS barcode=9360263159916: Mintsoft create failed: {'ProductId': 17605, 'SKU': 'HL24013-GLD-OS', 'Name': 'Shana Ring', 'Success': False, 'Message': '[MS]SKU already in Use'}
Traceback (most recent call last):
  File "/Users/julia/Documents/Python/XorosoftMintsoft/services/product_service.py", line 149, in sync_all_products
    raise Exception(f"Mintsoft create failed: {result}")
Exception: Mintsoft create failed: {'ProductId': 17605, 'SKU': 'HL24013-GLD-OS', 'Name': 'Shana Ring', 'Success': False, 'Message': '[MS]SKU already in Use'}
2025-12-17 18:32:54,221 - INFO - === Sync ALL products finished ===
2025-12-17 18:32:54,221 - INFO - Created=0 Updated=0 Skipped=179 Errors=1 MissingBarcode=0 Total=180
2025-12-17 18:33:41,912 - INFO - === Sync ALL products started ===
2025-12-17 18:33:41,914 - INFO - Delta window | created_at: 12/14/2025 12:00:00 AM → 12/17/2025 09:33:41 PM | updated_at: 12/14/2025 08:44:30 PM → 12/17/2025 09:33:41 PM
2025-12-17 18:33:41,914 - INFO - Fetching Xorosoft CREATED items...
2025-12-17 18:33:44,734 - INFO - Fetching Xorosoft UPDATED items...
2025-12-17 18:33:47,864 - INFO - Total delta items to process: 180
2025-12-17 18:33:47,864 - INFO - Fetching Mintsoft products...
2025-12-17 18:33:47,872 - INFO - [CREATE] SKU=HL24013-GLD-OS barcode=9360263159916
2025-12-17 18:33:48,821 - ERROR - [ERROR] SKU=HL24013-GLD-OS barcode=9360263159916: Mintsoft create failed: {'ProductId': 17605, 'SKU': 'HL24013-GLD-OS', 'Name': 'Shana Ring', 'Success': False, 'Message': '[MS]SKU already in Use'}
Traceback (most recent call last):
  File "/Users/julia/Documents/Python/XorosoftMintsoft/services/product_service.py", line 149, in sync_all_products
    raise Exception(f"Mintsoft create failed: {result}")
Exception: Mintsoft create failed: {'ProductId': 17605, 'SKU': 'HL24013-GLD-OS', 'Name': 'Shana Ring', 'Success': False, 'Message': '[MS]SKU already in Use'}
2025-12-17 18:33:48,830 - INFO - === Sync ALL products finished ===
2025-12-17 18:33:48,830 - INFO - Created=0 Updated=0 Skipped=179 Errors=1 MissingBarcode=0 Total=180
